INFO main generic.fps.ranking.util.DefinePlayerKills - ANA killed Gwyn Lord of Cinders using Widowmaker Rifle
INFO main generic.fps.ranking.util.DefinePlayerKills - BILL killed Gwyn Lord of Cinders using Bomb
INFO main generic.fps.ranking.util.DefinePlayerKills - BILL killed Gwyn Lord of Cinders using Bomb
INFO main generic.fps.ranking.util.DefinePlayerKills - BILL killed Gwyn Lord of Cinders using Bomb
INFO main generic.fps.ranking.util.DefinePlayerKills - <WORLD> killed BILL by Gwyn Lord of Cinders
INFO main generic.fps.ranking.util.DefinePlayerKills - BILL killed Gwyn Lord of Cinders using Bomb
INFO main generic.fps.ranking.util.DefinePlayerKills - BILL killed Gwyn Lord of Cinders using Bomb
INFO main generic.fps.ranking.util.DefinePlayerKills - BILL killed Gwyn Lord of Cinders using Bomb
INFO main generic.fps.ranking.util.DefinePlayerKills - <WORLD> killed JEAN by Gwyn Lord of Cinders
INFO main generic.fps.ranking.util.DefinePlayerKills - JEAN killed Gwyn Lord of Cinders using Knife
INFO main generic.fps.ranking.util.DefinePlayerKills - <WORLD> killed JEAN by Gwyn Lord of Cinders
INFO main generic.fps.ranking.util.DefinePlayerKills - JEAN killed Gwyn Lord of Cinders using Knife
INFO main generic.fps.ranking.util.DefinePlayerKills - JEAN killed Gwyn Lord of Cinders using Knife
INFO main generic.fps.ranking.util.DefinePlayerKills - <WORLD> killed JEAN by Gwyn Lord of Cinders
INFO main generic.fps.ranking.util.DefinePlayerKills - JEAN killed Gwyn Lord of Cinders using Knife
INFO main generic.fps.ranking.util.DefinePlayerKills - JEAN killed Gwyn Lord of Cinders using Knife
INFO main generic.fps.ranking.util.DefinePlayerKills - DEAN killed Gwyn Lord of Cinders using Bomb
INFO main generic.fps.ranking.util.DefinePlayerKills - <WORLD> killed DEAN by Gwyn Lord of Cinders
INFO main generic.fps.ranking.util.DefinePlayerKills - <WORLD> killed DEAN by Gwyn Lord of Cinders
INFO main generic.fps.ranking.util.DefinePlayerKills - DEAN killed Gwyn Lord of Cinders using Bomb
INFO main generic.fps.ranking.util.DefinePlayerKills - <WORLD> killed DEAN by Gwyn Lord of Cinders
INFO main generic.fps.ranking.util.DefinePlayerKills - <WORLD> killed DEAN by Gwyn Lord of Cinders
INFO main generic.fps.ranking.util.DefinePlayerKills - DEAN killed Gwyn Lord of Cinders using Bomb
INFO main generic.fps.ranking.util.DefinePlayerKills - DEAN killed Gwyn Lord of Cinders using Bomb
INFO main generic.fps.ranking.util.DefinePlayerKills - DEAN killed ALAN using Bomb
INFO main generic.fps.ranking.util.DefinePlayerKills - MORGAN killed ALAN using Widowmaker Rifle
INFO main generic.fps.ranking.util.DefinePlayerKills - MORGAN killed ALAN using Widowmaker Rifle
INFO main generic.fps.ranking.util.DefinePlayerKills - MORGAN killed ALAN using Widowmaker Rifle
INFO main generic.fps.ranking.util.DefinePlayerKills - MORGAN killed ALAN using Widowmaker Rifle
INFO main generic.fps.ranking.util.DefinePlayerKills - MORGAN killed ALAN using Widowmaker Rifle
INFO main generic.fps.ranking.util.DefinePlayerKills - MORGAN killed ALAN using Widowmaker Rifle
INFO main generic.fps.ranking.util.DefinePlayerKills - MORGAN killed ALAN using Widowmaker Rifle
INFO main generic.fps.ranking.util.DefinePlayerKills - DENIS killed ALAN using Bomb
INFO main generic.fps.ranking.util.DefinePlayerKills - DENIS killed ALAN using Bomb
INFO main generic.fps.ranking.util.DefinePlayerKills - DENIS killed ALAN using Bomb
INFO main generic.fps.ranking.util.DefinePlayerKills - DENIS killed ALAN using Bomb
INFO main generic.fps.ranking.util.DefinePlayerKills - DENIS killed ALAN using Bomb
INFO main generic.fps.ranking.util.DefinePlayerKills - ALAN killed DENIS using Widowmaker Rifle
INFO main generic.fps.ranking.util.DefinePlayerKills - DENIS killed ALAN using Bomb
INFO main generic.fps.ranking.util.DefinePlayerKills - DENIS killed ALAN using Bomb
INFO main generic.fps.ranking.util.DefinePlayerKills - DENIS killed ALAN using Bomb
INFO main generic.fps.ranking.util.DefinePlayerKills - ALAN killed DENIS using Widowmaker Rifle
INFO main generic.fps.ranking.util.DefinePlayerKills - DENIS killed ALAN using Bomb
INFO main generic.fps.ranking.util.DefinePlayerKills - DENIS killed ALAN using Bomb
INFO main generic.fps.ranking.util.DefinePlayerKills - ALAN killed DENIS using Widowmaker Rifle
INFO main generic.fps.ranking.util.DefinePlayerKills - ALAN killed DENIS using Widowmaker Rifle
INFO main generic.fps.ranking.util.DefinePlayerKills - DENIS killed ALAN using Bomb
INFO main generic.fps.ranking.util.DefinePlayerKills - ALAN killed Elf using Widowmaker Rifle
INFO main generic.fps.ranking.util.DefinePlayerKills - ALAN killed Elf using Widowmaker Rifle
INFO main generic.fps.ranking.util.DefinePlayerKills - ALAN killed Elf using Widowmaker Rifle
INFO main generic.fps.ranking.util.DefinePlayerKills - <WORLD> killed  ALAN by Elf
INFO main generic.fps.ranking.util.DefinePlayerKills - <WORLD> killed  JEAN by Dragon
INFO main generic.fps.ranking.util.DefinePlayerKills - JEAN killed Dragon using Handgun
INFO main generic.fps.ranking.util.DefinePlayerKills - <WORLD> killed  JEAN by Dragon
INFO main generic.fps.ranking.util.DefinePlayerKills - JEAN killed Dragon using Handgun
INFO main generic.fps.ranking.util.DefinePlayerKills - <WORLD> killed  JEAN by Dragon
INFO main generic.fps.ranking.util.DefinePlayerKills - ANA killed JEAN using Axe
INFO main generic.fps.ranking.util.DefinePlayerKills - JEAN killed ANA using Handgun
INFO main generic.fps.ranking.util.DefinePlayerKills - JEAN killed ANA using Handgun
INFO main generic.fps.ranking.util.DefinePlayerKills - ANA killed JEAN using Axe
INFO main generic.fps.ranking.util.DefinePlayerKills - ANA killed JEAN using Axe
INFO main generic.fps.ranking.util.DefinePlayerKills - ANA killed JEAN using Axe
INFO main generic.fps.ranking.util.DefinePlayerKills - JEAN killed ANA using Handgun
INFO main generic.fps.ranking.util.DefinePlayerKills - ANA killed JEAN using Axe
INFO main generic.fps.ranking.util.DefinePlayerKills - JEAN killed MORGAN using Handgun
INFO main generic.fps.ranking.util.DefinePlayerKills - MORGAN killed JEAN using Widowmaker Rifle
INFO main generic.fps.ranking.util.DefinePlayerKills - MORGAN killed JEAN using Widowmaker Rifle
INFO main generic.fps.ranking.util.DefinePlayerKills - JEAN killed MORGAN using Handgun
INFO main generic.fps.ranking.util.DefinePlayerKills - JEAN killed MORGAN using Handgun
INFO main generic.fps.ranking.util.DefinePlayerKills - MORGAN killed JEAN using Widowmaker Rifle
INFO main generic.fps.ranking.util.DefinePlayerKills - JEAN killed MORGAN using Handgun
INFO main generic.fps.ranking.util.DefinePlayerKills - MORGAN killed ANA using Bomb
INFO main generic.fps.ranking.util.DefinePlayerKills - BILL killed ANA using Handgun
INFO main generic.fps.ranking.util.DefinePlayerKills - BILL killed DENIS using Bomb
INFO main generic.fps.ranking.util.DefinePlayerKills - DENIS killed BILL using Shotgun
INFO main generic.fps.ranking.util.DefinePlayerKills - BILL killed DENIS using Bomb
INFO main generic.fps.ranking.util.DefinePlayerKills - BILL killed DENIS using Bomb
INFO main generic.fps.ranking.util.DefinePlayerKills - BILL killed DENIS using Bomb
INFO main generic.fps.ranking.util.DefinePlayerKills - BILL killed DENIS using Bomb
INFO main generic.fps.ranking.util.DefinePlayerKills - DENIS killed BILL using Shotgun
INFO main generic.fps.ranking.util.DefinePlayerKills - JEAN killed DENIS using Bomb
INFO main generic.fps.ranking.util.DefinePlayerKills - DENIS killed JEAN using Shotgun
INFO main generic.fps.ranking.util.DefinePlayerKills - DENIS killed JEAN using Shotgun
INFO main generic.fps.ranking.util.DefinePlayerKills - DENIS killed JEAN using Shotgun
INFO main generic.fps.ranking.util.DefinePlayerKills - JEAN killed DENIS using Bomb
INFO main generic.fps.ranking.util.DefinePlayerKills - JEAN killed DENIS using Bomb
INFO main generic.fps.ranking.util.DefinePlayerKills - JEAN killed DENIS using Bomb
INFO main generic.fps.ranking.util.DefinePlayerKills - JEAN killed DENIS using Bomb
INFO main generic.fps.ranking.util.DefinePlayerKills - JEAN killed DENIS using Bomb
INFO main generic.fps.ranking.util.DefinePlayerKills - JEREMY killed DENIS using Widowmaker Rifle
INFO main generic.fps.ranking.util.DefinePlayerKills - JEREMY killed DENIS using Widowmaker Rifle
INFO main generic.fps.ranking.util.DefinePlayerKills - DENIS killed JEREMY using Shotgun
INFO main generic.fps.ranking.util.DefinePlayerKills - JEREMY killed DENIS using Widowmaker Rifle
INFO main generic.fps.ranking.util.DefinePlayerKills - JEREMY killed DENIS using Widowmaker Rifle
INFO main generic.fps.ranking.util.DefinePlayerKills - DENIS killed JEREMY using Shotgun
INFO main generic.fps.ranking.util.DefinePlayerKills - JEREMY killed DENIS using Widowmaker Rifle
INFO main generic.fps.ranking.util.DefinePlayerKills - JEREMY killed DENIS using Widowmaker Rifle
INFO main generic.fps.ranking.util.DefinePlayerKills - DENIS killed ALAN using Shotgun
INFO main generic.fps.ranking.util.DefinePlayerKills - ALAN killed DENIS using Bazuka
INFO main generic.fps.ranking.util.DefinePlayerKills - ALAN killed DENIS using Bazuka
INFO main generic.fps.ranking.util.DefinePlayerKills - ALAN killed DENIS using Bazuka
INFO main generic.fps.ranking.util.DefinePlayerKills - ALAN killed DENIS using Bazuka
INFO main generic.fps.ranking.util.DefinePlayerKills - ALAN killed DEAN using Bazuka
INFO main generic.fps.ranking.util.DefinePlayerKills - ALAN killed DEAN using Bazuka
INFO main generic.fps.ranking.util.DefinePlayerKills - ALAN killed DEAN using Bazuka
INFO main generic.fps.ranking.util.DefinePlayerKills - DEAN killed MORGAN using Bazuka
INFO main generic.fps.ranking.util.DefinePlayerKills - DEAN killed MORGAN using Bazuka
INFO main generic.fps.ranking.util.DefinePlayerKills - DEAN killed MORGAN using Bazuka
INFO main generic.fps.ranking.util.DefinePlayerKills - MORGAN killed DEAN using Axe
INFO main generic.fps.ranking.util.DefinePlayerKills - MORGAN killed DEAN using Axe
INFO main generic.fps.ranking.util.DefinePlayerKills - MORGAN killed DEAN using Axe
INFO main generic.fps.ranking.util.DefinePlayerKills - MORGAN killed DEAN using Axe
INFO main generic.fps.ranking.util.DefinePlayerKills - MORGAN killed DEAN using Axe
INFO main generic.fps.ranking.util.DefinePlayerKills - DENIS killed DEAN using Bomb
INFO main generic.fps.ranking.util.DefinePlayerKills - DENIS killed DEAN using Bomb
INFO main generic.fps.ranking.util.DefinePlayerKills - DENIS killed DEAN using Bomb
INFO main generic.fps.ranking.util.DefinePlayerKills - JEFF killed DENIS using Shotgun
INFO main generic.fps.ranking.util.DefinePlayerKills - JEFF killed DENIS using Shotgun
INFO main generic.fps.ranking.util.DefinePlayerKills - DENIS killed JEFF using Shotgun
INFO main generic.fps.ranking.util.DefinePlayerKills - JEFF killed DENIS using Shotgun
INFO main generic.fps.ranking.util.DefinePlayerKills - JEFF killed DENIS using Shotgun
INFO main generic.fps.ranking.util.DefinePlayerKills - JP killed JEFF using Bomb
INFO main generic.fps.ranking.util.DefinePlayerKills - JEFF killed JP using Shotgun
INFO main generic.fps.ranking.util.DefinePlayerKills - JP killed JEFF using Bomb
INFO main generic.fps.ranking.util.DefinePlayerKills - JP killed JEFF using Bomb
INFO main generic.fps.ranking.util.DefinePlayerKills - JP killed JEFF using Bomb
INFO main generic.fps.ranking.util.DefinePlayerKills - JP killed JEFF using Bomb
INFO main generic.fps.ranking.util.DefinePlayerKills - JEFF killed JP using Shotgun
INFO main generic.fps.ranking.util.DefinePlayerKills - JP killed JEFF using Bomb
INFO main generic.fps.ranking.util.DefinePlayerKills - ANA killed JEFF using Bazuka
INFO main generic.fps.ranking.util.DefinePlayerKills - JEFF killed ANA using Shotgun
INFO main generic.fps.ranking.util.DefinePlayerKills - JEFF killed ANA using Shotgun
INFO main generic.fps.ranking.util.DefinePlayerKills - ANA killed JEFF using Bazuka
INFO main generic.fps.ranking.util.DefinePlayerKills - ANA killed JEFF using Bazuka
INFO main generic.fps.ranking.util.DefinePlayerKills - JEFF killed ANA using Shotgun
INFO main generic.fps.ranking.util.DefinePlayerKills - ANA killed JEFF using Bazuka
INFO main generic.fps.ranking.common.Match - Match Finished...Go Cry to Mom
INFO main generic.fps.ranking.SimulateMatch - MATCH RANKING
INFO main generic.fps.ranking.common.Match - 
 RANKING OF MATCH 1

INFO main generic.fps.ranking.common.Match - 1. DENIS kills :29 deaths :30
INFO main generic.fps.ranking.common.Match - 2. MORGAN kills :23 deaths :20
INFO main generic.fps.ranking.common.Match - 3. JEAN kills :22 deaths :18
INFO main generic.fps.ranking.common.Match - 4. JP kills :18 deaths :20
INFO main generic.fps.ranking.common.Match - 5. ALAN kills :15 deaths :26
INFO main generic.fps.ranking.common.Match - 6. ANA kills :15 deaths :13
INFO main generic.fps.ranking.common.Match - 7. JEREMY kills :14 deaths :19
INFO main generic.fps.ranking.common.Match - 8. BILL kills :9 deaths :7
INFO main generic.fps.ranking.common.Match - 9. JEFF kills :9 deaths :11
INFO main generic.fps.ranking.common.Match - 10. DEAN kills :8 deaths :17
INFO main generic.fps.ranking.common.Match - 
 DRUGS ARE FOR LOSERS 

INFO main generic.fps.ranking.SimulateMatch - KILLSTREAKS (ORDERED BY MATCH RANKING) 
INFO main generic.fps.ranking.common.Match - 
 MAX KillStreaks Per Player
INFO main generic.fps.ranking.common.Match - 1. DENIS killStreak :6
INFO main generic.fps.ranking.common.Match - 2. MORGAN killStreak :7
INFO main generic.fps.ranking.common.Match - 3. JEAN killStreak :5
INFO main generic.fps.ranking.common.Match - 4. JP killStreak :4
INFO main generic.fps.ranking.common.Match - 5. ALAN killStreak :7
INFO main generic.fps.ranking.common.Match - 6. ANA killStreak :5
INFO main generic.fps.ranking.common.Match - 7. JEREMY killStreak :5
INFO main generic.fps.ranking.common.Match - 8. BILL killStreak :4
INFO main generic.fps.ranking.common.Match - 9. JEFF killStreak :2
INFO main generic.fps.ranking.common.Match - 10. DEAN killStreak :3
INFO main generic.fps.ranking.common.Match - 
 
INFO main generic.fps.ranking.SimulateMatch - AWARDS (ORDERED BY MATCH RANKING) 
INFO main generic.fps.ranking.common.Match - 
 Awards Per Player
INFO main generic.fps.ranking.common.Match - 1. DENIS
INFO main generic.fps.ranking.common.Match - 	An Quick Hands Job: 5 kills in less than 5 minutes
INFO main generic.fps.ranking.common.Match - 	An Quick Hands Job: 5 kills in less than 5 minutes
INFO main generic.fps.ranking.common.Match - 2. MORGAN
INFO main generic.fps.ranking.common.Match - 	An Quick Hands Job: 5 kills in less than 5 minutes
INFO main generic.fps.ranking.common.Match - 	An Quick Hands Job: 5 kills in less than 5 minutes
INFO main generic.fps.ranking.common.Match - 3. JEAN
INFO main generic.fps.ranking.common.Match - 	An Quick Hands Job: 5 kills in less than 5 minutes
INFO main generic.fps.ranking.common.Match - 	An Quick Hands Job: 5 kills in less than 5 minutes
INFO main generic.fps.ranking.common.Match - 4. JP
INFO main generic.fps.ranking.common.Match - 5. ALAN
INFO main generic.fps.ranking.common.Match - 	An Quick Hands Job: 5 kills in less than 5 minutes
INFO main generic.fps.ranking.common.Match - 6. ANA
INFO main generic.fps.ranking.common.Match - 	An Quick Hands Job: 5 kills in less than 5 minutes
INFO main generic.fps.ranking.common.Match - 7. JEREMY
INFO main generic.fps.ranking.common.Match - 	An Quick Hands Job: 5 kills in less than 5 minutes
INFO main generic.fps.ranking.common.Match - 8. BILL
INFO main generic.fps.ranking.common.Match - 9. JEFF
INFO main generic.fps.ranking.common.Match - 10. DEAN
INFO main generic.fps.ranking.common.Match - 
 
INFO main generic.fps.ranking.SimulateMatch - TOP PLAYER MOST USED WEAPON (ORDERED BY USE) 
INFO main generic.fps.ranking.common.Player - Preferred Weapons by DENIS
INFO main generic.fps.ranking.common.Player - 1. Shotgun: 15
INFO main generic.fps.ranking.common.Player - 2. Bomb: 14
INFO main generic.fps.ranking.TestMatchAndRanking - TEST CREATE MATCH START 



INFO main generic.fps.ranking.common.Match - Match Created and Waiting for Players
INFO main generic.fps.ranking.common.Match - Player JEFF added to match
INFO main generic.fps.ranking.common.Match - Player BILL added to match
INFO main generic.fps.ranking.common.Match - Player JEAN added to match
INFO main generic.fps.ranking.common.Match - Player DENIS added to match
INFO main generic.fps.ranking.common.Match - Player MORGAN added to match
INFO main generic.fps.ranking.common.Match - Player <WORLD> added to match
INFO main generic.fps.ranking.common.Match - Match Started...Prepare to die
INFO main generic.fps.ranking.TestMatchAndRanking - 


TEST CREATE MATCH END 



INFO main generic.fps.ranking.TestMatchAndRanking - TEST END MATCH START 



INFO main generic.fps.ranking.common.Match - Match Created and Waiting for Players
INFO main generic.fps.ranking.common.Match - Player JEFF added to match
INFO main generic.fps.ranking.common.Match - Player BILL added to match
INFO main generic.fps.ranking.common.Match - Player JEAN added to match
INFO main generic.fps.ranking.common.Match - Player DENIS added to match
INFO main generic.fps.ranking.common.Match - Player MORGAN added to match
INFO main generic.fps.ranking.common.Match - Player <WORLD> added to match
INFO main generic.fps.ranking.common.Match - Match Started...Prepare to die
INFO main generic.fps.ranking.common.Match - Match Finished...Go Cry to Mom
INFO main generic.fps.ranking.TestMatchAndRanking - 


TEST END MATCH END 



INFO main generic.fps.ranking.TestMatchAndRanking - TEST ADD AND REMOVE PLAYERS END 



INFO main generic.fps.ranking.common.Match - Match Created and Waiting for Players
INFO main generic.fps.ranking.common.Match - Player JEFF added to match
INFO main generic.fps.ranking.common.Match - Player BILL added to match
INFO main generic.fps.ranking.common.Match - Player JEAN added to match
INFO main generic.fps.ranking.common.Match - Player DENIS added to match
INFO main generic.fps.ranking.common.Match - Player MORGAN added to match
INFO main generic.fps.ranking.common.Match - Player <WORLD> added to match
INFO main generic.fps.ranking.common.Match - Player BILL removed from match
INFO main generic.fps.ranking.common.Match - Player JEAN removed from match
INFO main generic.fps.ranking.common.Match - Player DENIS removed from match
INFO main generic.fps.ranking.TestMatchAndRanking - 


TEST ADD AND REMOVE PLAYERS END 



INFO main generic.fps.ranking.TestMatchAndRanking - TEST ADD PLAYERS AFTER MATCH STARTS END 



INFO main generic.fps.ranking.common.Match - Match Created and Waiting for Players
INFO main generic.fps.ranking.common.Match - Player JEFF added to match
INFO main generic.fps.ranking.common.Match - Player BILL added to match
INFO main generic.fps.ranking.common.Match - Player JEAN added to match
INFO main generic.fps.ranking.common.Match - Player DENIS added to match
INFO main generic.fps.ranking.common.Match - Player <WORLD> added to match
INFO main generic.fps.ranking.common.Match - Match Started...Prepare to die
WARN main generic.fps.ranking.common.Match - Player MORGAN refused match is ongoing or finished
INFO main generic.fps.ranking.TestMatchAndRanking - 


TEST ADD PLAYERS AFTER MATCH STARTS END 



INFO main generic.fps.ranking.TestMatchAndRanking - TEST REMOVE PLAYERS AFTER MATCH STARTS END 



INFO main generic.fps.ranking.common.Match - Match Created and Waiting for Players
INFO main generic.fps.ranking.common.Match - Player JEFF added to match
INFO main generic.fps.ranking.common.Match - Player BILL added to match
INFO main generic.fps.ranking.common.Match - Player JEAN added to match
INFO main generic.fps.ranking.common.Match - Player DENIS added to match
INFO main generic.fps.ranking.common.Match - Player <WORLD> added to match
INFO main generic.fps.ranking.common.Match - Match Started...Prepare to die
WARN main generic.fps.ranking.common.Match - Player JEFF cant be removed because match is ongoing or finished
INFO main generic.fps.ranking.TestMatchAndRanking - 


TEST REMOVE PLAYERS AFTER MATCH STARTS END 



INFO main generic.fps.ranking.TestMatchAndRanking - TEST RANKING AFTER MATCH START 



INFO main generic.fps.ranking.common.Match - Match Created and Waiting for Players
INFO main generic.fps.ranking.common.Match - Player JEFF added to match
INFO main generic.fps.ranking.common.Match - Player BILL added to match
INFO main generic.fps.ranking.common.Match - Player JEAN added to match
INFO main generic.fps.ranking.common.Match - Player DENIS added to match
INFO main generic.fps.ranking.common.Match - Player MORGAN added to match
INFO main generic.fps.ranking.common.Match - Player <WORLD> added to match
INFO main generic.fps.ranking.common.Match - Match Started...Prepare to die
INFO main generic.fps.ranking.util.DefinePlayerKills - BILL killed JEFF using Axe
INFO main generic.fps.ranking.util.DefinePlayerKills - BILL killed JEFF using Axe
INFO main generic.fps.ranking.util.DefinePlayerKills - DENIS killed JEAN using Handgun
INFO main generic.fps.ranking.util.DefinePlayerKills - DENIS killed JEAN using Handgun
INFO main generic.fps.ranking.util.DefinePlayerKills - DENIS killed JEFF using Handgun
INFO main generic.fps.ranking.util.DefinePlayerKills - <WORLD> killed  BILL by Drown
INFO main generic.fps.ranking.util.DefinePlayerKills - BILL killed JEFF using Axe
INFO main generic.fps.ranking.util.DefinePlayerKills - <WORLD> killed BILL by Drown
INFO main generic.fps.ranking.util.DefinePlayerKills - <WORLD> killed BILL by Drown
INFO main generic.fps.ranking.util.DefinePlayerKills - JEFF killed BILL using Axe
INFO main generic.fps.ranking.util.DefinePlayerKills - MORGAN killed JEAN using Axe
INFO main generic.fps.ranking.util.DefinePlayerKills - <WORLD> killed DENIS by Drown
INFO main generic.fps.ranking.util.DefinePlayerKills - JEFF killed JEAN using Axe
INFO main generic.fps.ranking.util.DefinePlayerKills - JEFF killed DENIS using Axe
INFO main generic.fps.ranking.util.DefinePlayerKills - <WORLD> killed MORGAN by Drown
INFO main generic.fps.ranking.util.DefinePlayerKills - DENIS killed Drown using Knife
INFO main generic.fps.ranking.util.DefinePlayerKills - DENIS killed DENIS using Knife
INFO main generic.fps.ranking.util.DefinePlayerKills - MORGAN killed JEAN using Axe
INFO main generic.fps.ranking.util.DefinePlayerKills - <WORLD> killed BILL by Drown
INFO main generic.fps.ranking.util.DefinePlayerKills - DENIS killed BILL using Knife
INFO main generic.fps.ranking.util.DefinePlayerKills - JEFF killed JEFF using Axe
INFO main generic.fps.ranking.util.DefinePlayerKills - BILL killed JEFF using Axe
INFO main generic.fps.ranking.common.Match - Match Finished...Go Cry to Mom
INFO main generic.fps.ranking.common.Match - 
 RANKING OF MATCH 1

INFO main generic.fps.ranking.common.Match - 1. DENIS kills :5 deaths :3
INFO main generic.fps.ranking.common.Match - 2. BILL kills :4 deaths :6
INFO main generic.fps.ranking.common.Match - 3. JEFF kills :4 deaths :6
INFO main generic.fps.ranking.common.Match - 4. MORGAN kills :2 deaths :1
INFO main generic.fps.ranking.common.Match - 5. JEAN kills :0 deaths :5
INFO main generic.fps.ranking.common.Match - 
 DRUGS ARE FOR LOSERS 

INFO main generic.fps.ranking.TestMatchAndRanking - 


 TEST RANKING AFTER MATCH END 



INFO main generic.fps.ranking.TestMatchAndRanking - TEST THAT WORLD KILL DONT AFFECT RANK 



INFO main generic.fps.ranking.common.Match - Match Created and Waiting for Players
INFO main generic.fps.ranking.common.Match - Player JEFF added to match
INFO main generic.fps.ranking.common.Match - Player BILL added to match
INFO main generic.fps.ranking.common.Match - Player JEAN added to match
INFO main generic.fps.ranking.common.Match - Player DENIS added to match
INFO main generic.fps.ranking.common.Match - Player MORGAN added to match
INFO main generic.fps.ranking.common.Match - Player <WORLD> added to match
INFO main generic.fps.ranking.common.Match - Match Started...Prepare to die
INFO main generic.fps.ranking.util.DefinePlayerKills - BILL killed JEFF using Axe
INFO main generic.fps.ranking.util.DefinePlayerKills - BILL killed JEFF using Axe
INFO main generic.fps.ranking.util.DefinePlayerKills - DENIS killed JEAN using Handgun
INFO main generic.fps.ranking.util.DefinePlayerKills - DENIS killed JEAN using Handgun
INFO main generic.fps.ranking.util.DefinePlayerKills - DENIS killed JEFF using Handgun
INFO main generic.fps.ranking.util.DefinePlayerKills - <WORLD> killed  BILL by Drown
INFO main generic.fps.ranking.util.DefinePlayerKills - BILL killed JEFF using Axe
INFO main generic.fps.ranking.util.DefinePlayerKills - <WORLD> killed BILL by Drown
INFO main generic.fps.ranking.util.DefinePlayerKills - <WORLD> killed BILL by Drown
INFO main generic.fps.ranking.util.DefinePlayerKills - JEFF killed BILL using Axe
INFO main generic.fps.ranking.util.DefinePlayerKills - MORGAN killed JEAN using Axe
INFO main generic.fps.ranking.util.DefinePlayerKills - <WORLD> killed DENIS by Drown
INFO main generic.fps.ranking.util.DefinePlayerKills - JEFF killed JEAN using Axe
INFO main generic.fps.ranking.util.DefinePlayerKills - JEFF killed DENIS using Axe
INFO main generic.fps.ranking.util.DefinePlayerKills - <WORLD> killed MORGAN by Drown
INFO main generic.fps.ranking.util.DefinePlayerKills - DENIS killed Drown using Knife
INFO main generic.fps.ranking.util.DefinePlayerKills - DENIS killed DENIS using Knife
INFO main generic.fps.ranking.util.DefinePlayerKills - MORGAN killed JEAN using Axe
INFO main generic.fps.ranking.util.DefinePlayerKills - <WORLD> killed BILL by Drown
INFO main generic.fps.ranking.util.DefinePlayerKills - DENIS killed BILL using Knife
INFO main generic.fps.ranking.util.DefinePlayerKills - JEFF killed JEFF using Axe
INFO main generic.fps.ranking.util.DefinePlayerKills - BILL killed JEFF using Axe
INFO main generic.fps.ranking.util.DefinePlayerKills - DENIS killed Drown using Knife
INFO main generic.fps.ranking.util.DefinePlayerKills - DENIS killed Drown using Knife
INFO main generic.fps.ranking.util.DefinePlayerKills - DENIS killed Drown using Knife
INFO main generic.fps.ranking.util.DefinePlayerKills - DENIS killed Drown using Knife
INFO main generic.fps.ranking.util.DefinePlayerKills - DENIS killed Drown using Knife
INFO main generic.fps.ranking.common.Match - Match Finished...Go Cry to Mom
INFO main generic.fps.ranking.common.Match - 
 RANKING OF MATCH 1

INFO main generic.fps.ranking.common.Match - 1. DENIS kills :5 deaths :3
INFO main generic.fps.ranking.common.Match - 2. BILL kills :4 deaths :6
INFO main generic.fps.ranking.common.Match - 3. JEFF kills :4 deaths :6
INFO main generic.fps.ranking.common.Match - 4. MORGAN kills :2 deaths :1
INFO main generic.fps.ranking.common.Match - 5. JEAN kills :0 deaths :5
INFO main generic.fps.ranking.common.Match - 
 DRUGS ARE FOR LOSERS 

INFO main generic.fps.ranking.TestMatchAndRanking - 


 TEST THAT WORLD KILL DONT AFFECT RANK 



